{"level":"info","message":"Server started on http://localhost:4000","timestamp":"2025-06-09T21:43:39.407Z"}
{"level":"info","message":"Pinecone index 'docs' already exists","timestamp":"2025-06-09T21:43:39.762Z"}
{"level":"info","message":"PDF processed","textLength":996,"timestamp":"2025-06-09T21:44:09.936Z"}
{"error":"Request failed with status code 400","level":"error","message":"Hugging Face API error","timestamp":"2025-06-09T21:44:10.647Z"}
{"error":"Embedding generation failed: Request failed with status code 400","level":"error","message":"Upload error","stack":"Error: Embedding generation failed: Request failed with status code 400\n    at generateEmbedding (/Users/americotomas/Repos/staffengineer/real-time-ai-chatbot-rag/back-end/server.js:94:11)\n    at process.processTicksAndRejections (node:internal/process/task_queues:95:5)\n    at async /Users/americotomas/Repos/staffengineer/real-time-ai-chatbot-rag/back-end/server.js:181:25\n    at async Promise.all (index 1)\n    at async /Users/americotomas/Repos/staffengineer/real-time-ai-chatbot-rag/back-end/server.js:189:30","timestamp":"2025-06-09T21:44:10.648Z"}
{"error":"Request failed with status code 400","level":"error","message":"Hugging Face API error","timestamp":"2025-06-09T21:44:10.667Z"}
{"error":"Request failed with status code 400","level":"error","message":"Hugging Face API error","timestamp":"2025-06-09T21:44:10.680Z"}
{"level":"info","message":"Server started on http://localhost:4000","timestamp":"2025-06-09T22:01:16.041Z"}
{"level":"info","message":"Pinecone index 'docs' already exists","timestamp":"2025-06-09T22:01:16.737Z"}
{"level":"info","message":"PDF processed","textLength":996,"timestamp":"2025-06-09T22:01:30.313Z"}
{"level":"info","message":"PDF processed","textLength":996,"timestamp":"2025-06-09T22:01:30.949Z"}
{"error":"Request failed with status code 400","level":"error","message":"Hugging Face API error","timestamp":"2025-06-09T22:01:30.969Z"}
{"error":"Embedding generation failed: Request failed with status code 400","level":"error","message":"Upload error","stack":"Error: Embedding generation failed: Request failed with status code 400\n    at generateEmbedding (/Users/americotomas/Repos/staffengineer/real-time-ai-chatbot-rag/back-end/server.js:94:11)\n    at process.processTicksAndRejections (node:internal/process/task_queues:95:5)\n    at async /Users/americotomas/Repos/staffengineer/real-time-ai-chatbot-rag/back-end/server.js:181:25\n    at async Promise.all (index 1)\n    at async /Users/americotomas/Repos/staffengineer/real-time-ai-chatbot-rag/back-end/server.js:189:30","timestamp":"2025-06-09T22:01:30.970Z"}
{"error":"Request failed with status code 400","level":"error","message":"Hugging Face API error","timestamp":"2025-06-09T22:01:31.161Z"}
{"error":"Embedding generation failed: Request failed with status code 400","level":"error","message":"Upload error","stack":"Error: Embedding generation failed: Request failed with status code 400\n    at generateEmbedding (/Users/americotomas/Repos/staffengineer/real-time-ai-chatbot-rag/back-end/server.js:94:11)\n    at process.processTicksAndRejections (node:internal/process/task_queues:95:5)\n    at async /Users/americotomas/Repos/staffengineer/real-time-ai-chatbot-rag/back-end/server.js:181:25\n    at async Promise.all (index 0)\n    at async /Users/americotomas/Repos/staffengineer/real-time-ai-chatbot-rag/back-end/server.js:189:30","timestamp":"2025-06-09T22:01:31.164Z"}
{"error":"Request failed with status code 400","level":"error","message":"Hugging Face API error","timestamp":"2025-06-09T22:01:34.494Z"}
{"error":"Request failed with status code 400","level":"error","message":"Hugging Face API error","timestamp":"2025-06-09T22:01:34.510Z"}
{"error":"Request failed with status code 400","level":"error","message":"Hugging Face API error","timestamp":"2025-06-09T22:01:34.606Z"}
{"error":"Request failed with status code 400","level":"error","message":"Hugging Face API error","timestamp":"2025-06-09T22:01:34.726Z"}
{"level":"info","message":"PDF processed","textLength":996,"timestamp":"2025-06-09T22:01:43.080Z"}
{"error":"Request failed with status code 400","level":"error","message":"Hugging Face API error","timestamp":"2025-06-09T22:01:43.282Z"}
{"error":"Embedding generation failed: Request failed with status code 400","level":"error","message":"Upload error","stack":"Error: Embedding generation failed: Request failed with status code 400\n    at generateEmbedding (/Users/americotomas/Repos/staffengineer/real-time-ai-chatbot-rag/back-end/server.js:94:11)\n    at process.processTicksAndRejections (node:internal/process/task_queues:95:5)\n    at async /Users/americotomas/Repos/staffengineer/real-time-ai-chatbot-rag/back-end/server.js:181:25\n    at async Promise.all (index 0)\n    at async /Users/americotomas/Repos/staffengineer/real-time-ai-chatbot-rag/back-end/server.js:189:30","timestamp":"2025-06-09T22:01:43.288Z"}
{"error":"Request failed with status code 400","level":"error","message":"Hugging Face API error","timestamp":"2025-06-09T22:01:43.294Z"}
{"error":"Request failed with status code 400","level":"error","message":"Hugging Face API error","timestamp":"2025-06-09T22:01:43.381Z"}
{"level":"info","message":"PDF processed","textLength":996,"timestamp":"2025-06-09T22:03:19.730Z"}
{"error":"Request failed with status code 400","level":"error","message":"Hugging Face API error","timestamp":"2025-06-09T22:03:20.387Z"}
{"error":"Embedding generation failed: Request failed with status code 400","level":"error","message":"Upload error","stack":"Error: Embedding generation failed: Request failed with status code 400\n    at generateEmbedding (/Users/americotomas/Repos/staffengineer/real-time-ai-chatbot-rag/back-end/server.js:94:11)\n    at process.processTicksAndRejections (node:internal/process/task_queues:95:5)\n    at async /Users/americotomas/Repos/staffengineer/real-time-ai-chatbot-rag/back-end/server.js:181:25\n    at async Promise.all (index 0)\n    at async /Users/americotomas/Repos/staffengineer/real-time-ai-chatbot-rag/back-end/server.js:189:30","timestamp":"2025-06-09T22:03:20.393Z"}
{"error":"Request failed with status code 400","level":"error","message":"Hugging Face API error","timestamp":"2025-06-09T22:03:23.537Z"}
{"error":"Request failed with status code 400","level":"error","message":"Hugging Face API error","timestamp":"2025-06-09T22:03:23.544Z"}
{"level":"info","message":"PDF processed","textLength":996,"timestamp":"2025-06-09T22:09:35.574Z"}
{"error":"Request failed with status code 400","level":"error","message":"Hugging Face API error","timestamp":"2025-06-09T22:09:35.812Z"}
{"error":"Embedding generation failed: Request failed with status code 400","level":"error","message":"Upload error","stack":"Error: Embedding generation failed: Request failed with status code 400\n    at generateEmbedding (/Users/americotomas/Repos/staffengineer/real-time-ai-chatbot-rag/back-end/server.js:94:11)\n    at process.processTicksAndRejections (node:internal/process/task_queues:95:5)\n    at async /Users/americotomas/Repos/staffengineer/real-time-ai-chatbot-rag/back-end/server.js:181:25\n    at async Promise.all (index 2)\n    at async /Users/americotomas/Repos/staffengineer/real-time-ai-chatbot-rag/back-end/server.js:189:30","timestamp":"2025-06-09T22:09:35.814Z"}
{"error":"Request failed with status code 400","level":"error","message":"Hugging Face API error","timestamp":"2025-06-09T22:09:36.165Z"}
{"error":"Request failed with status code 400","level":"error","message":"Hugging Face API error","timestamp":"2025-06-09T22:09:36.167Z"}
{"level":"info","message":"PDF processed","textLength":996,"timestamp":"2025-06-09T22:14:41.950Z"}
{"error":"Request failed with status code 400","level":"error","message":"Hugging Face API error","timestamp":"2025-06-09T22:14:42.485Z"}
{"error":"Embedding generation failed: Request failed with status code 400","level":"error","message":"Upload error","stack":"Error: Embedding generation failed: Request failed with status code 400\n    at generateEmbedding (/Users/americotomas/Repos/staffengineer/real-time-ai-chatbot-rag/back-end/server.js:94:11)\n    at process.processTicksAndRejections (node:internal/process/task_queues:95:5)\n    at async /Users/americotomas/Repos/staffengineer/real-time-ai-chatbot-rag/back-end/server.js:181:25\n    at async Promise.all (index 1)\n    at async /Users/americotomas/Repos/staffengineer/real-time-ai-chatbot-rag/back-end/server.js:189:30","timestamp":"2025-06-09T22:14:42.486Z"}
{"error":"Request failed with status code 400","level":"error","message":"Hugging Face API error","timestamp":"2025-06-09T22:14:42.536Z"}
{"error":"Request failed with status code 400","level":"error","message":"Hugging Face API error","timestamp":"2025-06-09T22:14:42.537Z"}
{"level":"info","message":"PDF processed","textLength":996,"timestamp":"2025-06-09T22:15:06.229Z"}
{"error":"Request failed with status code 400","level":"error","message":"Hugging Face API error","timestamp":"2025-06-09T22:15:06.398Z"}
{"error":"Embedding generation failed: Request failed with status code 400","level":"error","message":"Upload error","stack":"Error: Embedding generation failed: Request failed with status code 400\n    at generateEmbedding (/Users/americotomas/Repos/staffengineer/real-time-ai-chatbot-rag/back-end/server.js:94:11)\n    at process.processTicksAndRejections (node:internal/process/task_queues:95:5)\n    at async /Users/americotomas/Repos/staffengineer/real-time-ai-chatbot-rag/back-end/server.js:181:25\n    at async Promise.all (index 0)\n    at async /Users/americotomas/Repos/staffengineer/real-time-ai-chatbot-rag/back-end/server.js:189:30","timestamp":"2025-06-09T22:15:06.399Z"}
{"error":"Request failed with status code 400","level":"error","message":"Hugging Face API error","timestamp":"2025-06-09T22:15:06.415Z"}
{"error":"Request failed with status code 400","level":"error","message":"Hugging Face API error","timestamp":"2025-06-09T22:15:06.424Z"}
{"level":"info","message":"Server started on http://localhost:4000","timestamp":"2025-06-09T22:27:53.125Z"}
{"level":"info","message":"Pinecone index 'docs' already exists","timestamp":"2025-06-09T22:27:53.695Z"}
{"level":"info","message":"PDF processed","sampleText":"\n\n Company Report: TechTrend Innovations \n Date: June 2025 \n 1. Overview \n TechTrend Innovations is ","textLength":996,"timestamp":"2025-06-09T22:28:07.807Z"}
{"chunk":"Company Report: TechTrend Innovations \n Date: June 2025 \n 1. Overview \n TechTrend Innovations is a leader in AI-driven solutions, specializing in natural language \n processing and real-time data analytics. Founded in 2020, the company has grown to 500 \n employees and serves clients in 20 countries. 2. Key Products \n - AI Chatbot Suite: A customizable chatbot platform powered by Retrieval-Augmented \n Generation (RAG) technology.","chunkIndex":1,"length":431,"level":"info","message":"Chunk created","timestamp":"2025-06-09T22:28:07.814Z"}
{"chunk":"Retrieval-Augmented \n Generation (RAG) technology.It supports PDF and text document processing for enterprise \n knowledge bases. - DataSync Analytics: A real-time analytics tool for processing large datasets with vector \n database integration. 3. Financial Performance \n In 2024, TechTrend reported revenue of $150 million, a 25% increase from 2023. The AI \n Chatbot Suite contributed 60% of the revenue. 4.","chunkIndex":2,"length":407,"level":"info","message":"Chunk created","timestamp":"2025-06-09T22:28:07.816Z"}
{"chunk":"4.Future Plans \n TechTrend plans to integrate advanced RAG models with multimodal capabilities by 2026, \n enabling support for images and structured data in chatbots. Contact: info@techtrend.com","chunkIndex":3,"length":194,"level":"info","message":"Final chunk created","timestamp":"2025-06-09T22:28:07.817Z"}
{"chunkCount":3,"level":"info","message":"Processing chunks","timestamp":"2025-06-09T22:28:07.818Z"}
{"chunkIndex":2,"embeddingLength":384,"level":"info","message":"Embedding generated","timestamp":"2025-06-09T22:28:11.470Z"}
{"chunkIndex":0,"embeddingLength":384,"level":"info","message":"Embedding generated","timestamp":"2025-06-09T22:28:11.483Z"}
{"chunkIndex":1,"embeddingLength":384,"level":"info","message":"Embedding generated","timestamp":"2025-06-09T22:28:11.497Z"}
{"id":"1749508091501","level":"info","message":"Document upserted to Pinecone","timestamp":"2025-06-09T22:28:12.333Z"}
{"level":"info","message":"Document processed and upserted to Pinecone","timestamp":"2025-06-09T22:28:12.339Z"}
{"level":"info","message":"PDF processed","sampleText":"\n\n Company Report: TechTrend Innovations \n Date: June 2025 \n 1. Overview \n TechTrend Innovations is ","textLength":996,"timestamp":"2025-06-09T22:28:42.029Z"}
{"chunk":"Company Report: TechTrend Innovations \n Date: June 2025 \n 1. Overview \n TechTrend Innovations is a leader in AI-driven solutions, specializing in natural language \n processing and real-time data analytics. Founded in 2020, the company has grown to 500 \n employees and serves clients in 20 countries. 2. Key Products \n - AI Chatbot Suite: A customizable chatbot platform powered by Retrieval-Augmented \n Generation (RAG) technology.","chunkIndex":1,"length":431,"level":"info","message":"Chunk created","timestamp":"2025-06-09T22:28:42.031Z"}
{"chunk":"Retrieval-Augmented \n Generation (RAG) technology.It supports PDF and text document processing for enterprise \n knowledge bases. - DataSync Analytics: A real-time analytics tool for processing large datasets with vector \n database integration. 3. Financial Performance \n In 2024, TechTrend reported revenue of $150 million, a 25% increase from 2023. The AI \n Chatbot Suite contributed 60% of the revenue. 4.","chunkIndex":2,"length":407,"level":"info","message":"Chunk created","timestamp":"2025-06-09T22:28:42.032Z"}
{"chunk":"4.Future Plans \n TechTrend plans to integrate advanced RAG models with multimodal capabilities by 2026, \n enabling support for images and structured data in chatbots. Contact: info@techtrend.com","chunkIndex":3,"length":194,"level":"info","message":"Final chunk created","timestamp":"2025-06-09T22:28:42.032Z"}
{"chunkCount":3,"level":"info","message":"Processing chunks","timestamp":"2025-06-09T22:28:42.032Z"}
{"chunkIndex":0,"embeddingLength":384,"level":"info","message":"Embedding generated","timestamp":"2025-06-09T22:28:42.223Z"}
{"chunkIndex":2,"embeddingLength":384,"level":"info","message":"Embedding generated","timestamp":"2025-06-09T22:28:42.230Z"}
{"chunkIndex":1,"embeddingLength":384,"level":"info","message":"Embedding generated","timestamp":"2025-06-09T22:28:42.267Z"}
{"id":"1749508122268","level":"info","message":"Document upserted to Pinecone","timestamp":"2025-06-09T22:28:42.768Z"}
{"level":"info","message":"Document processed and upserted to Pinecone","timestamp":"2025-06-09T22:28:42.774Z"}
